<?xml version="1.0" encoding="UTF-8"?>
<!-- Generated by org.testng.reporters.JUnitReportReporter -->
<testsuite hostname="Debayan_Laptop" failures="0" tests="1" name="Automation.POM.Test.TC01_Launch_Application_SignUpUser_Test" time="50.816" errors="0" timestamp="2023-06-05T22:58:00 IST" skipped="0">
  <testcase classname="Automation.POM.Test.TC01_Launch_Application_SignUpUser_Test" name="Launch_Application" time="50.816"/>
  <system-out/>
</testsuite> <!-- Automation.POM.Test.TC01_Launch_Application_SignUpUser_Test -->
