<?xml version="1.0" encoding="UTF-8"?>
<!-- Generated by org.testng.reporters.JUnitReportReporter -->
<testsuite hostname="Debayan_Laptop" failures="0" tests="1" name="Automation.POM.Test.TC01_Launch_Application_SignUpUser_Test" time="16.117" errors="0" timestamp="2023-05-29T14:41:32 IST" skipped="0">
  <testcase classname="Automation.POM.Test.TC01_Launch_Application_SignUpUser_Test" name="Launch_Application" time="16.117"/>
  <system-out/>
</testsuite> <!-- Automation.POM.Test.TC01_Launch_Application_SignUpUser_Test -->
