<?xml version="1.0" encoding="UTF-8"?>
<!-- Generated by org.testng.reporters.JUnitReportReporter -->
<testsuite hostname="Debayan_Laptop" failures="0" tests="1" name="Automation.POM.Test.TC02_SignIn_Application_CaptureServices_Test" time="18.494" errors="0" timestamp="2023-06-04T18:54:39 IST" skipped="0">
  <testcase classname="Automation.POM.Test.TC02_SignIn_Application_CaptureServices_Test" name="Launch_Application" time="18.494"/>
  <system-out/>
</testsuite> <!-- Automation.POM.Test.TC02_SignIn_Application_CaptureServices_Test -->
