<?xml version="1.0" encoding="UTF-8"?>
<!-- Generated by org.testng.reporters.JUnitReportReporter -->
<testsuite hostname="Debayan_Laptop" failures="0" tests="1" name="Automation.POM.Test.TC01_Launch_Application_Test" time="33.769" errors="0" timestamp="2023-03-19T22:19:13 IST" skipped="0">
  <testcase classname="Automation.POM.Test.TC01_Launch_Application_Test" name="Launch_Application" time="33.769"/>
  <system-out/>
</testsuite> <!-- Automation.POM.Test.TC01_Launch_Application_Test -->
